Fri Mar 18 00:13:17 2022       
+-----------------------------------------------------------------------------+
| NVIDIA-SMI 460.73.01    Driver Version: 460.73.01    CUDA Version: 11.2     |
|-------------------------------+----------------------+----------------------+
| GPU  Name        Persistence-M| Bus-Id        Disp.A | Volatile Uncorr. ECC |
| Fan  Temp  Perf  Pwr:Usage/Cap|         Memory-Usage | GPU-Util  Compute M. |
|                               |                      |               MIG M. |
|===============================+======================+======================|
|   0  A10                 On   | 00000000:44:00.0 Off |                    0 |
|  0%   29C    P8    15W / 150W |      0MiB / 22731MiB |      0%      Default |
|                               |                      |                  N/A |
+-------------------------------+----------------------+----------------------+
                                                                               
+-----------------------------------------------------------------------------+
| Processes:                                                                  |
|  GPU   GI   CI        PID   Type   Process name                  GPU Memory |
|        ID   ID                                                   Usage      |
|=============================================================================|
|  No running processes found                                                 |
+-----------------------------------------------------------------------------+
nvcc: NVIDIA (R) Cuda compiler driver
Copyright (c) 2005-2020 NVIDIA Corporation
Built on Mon_Oct_12_20:09:46_PDT_2020
Cuda compilation tools, release 11.1, V11.1.105
Build cuda_11.1.TC455_06.29190527_0
START
** Use norm [0.5, 0.5, 0.5], [0.5, 0.5, 0.5] as the mean and std **
{'base_size': 520, 'crop_size': 480}
trainset mode train
BaseDataset: base_size 520, crop_size 480
len(img_paths): 6494
valset mode val
Found output scratch
Validation sanity check: 0it [00:00, ?it/s]Validation sanity check:   0% 0/2 [00:00<?, ?it/s]
FINISH
