DeprecationWarning: 'source deactivate' is deprecated. Use 'conda deactivate'.
Traceback (most recent call last):
  File "/gpfsnyu/scratch/yw3642/lang-seg/train_lseg.py", line 1, in <module>
    from modules.lseg_module import LSegModule
  File "/gpfsnyu/scratch/yw3642/lang-seg/modules/lseg_module.py", line 7, in <module>
    from .lsegmentation_module import LSegmentationModule
  File "/gpfsnyu/scratch/yw3642/lang-seg/modules/lsegmentation_module.py", line 13, in <module>
    from data import get_dataset, get_available_datasets
  File "/gpfsnyu/scratch/yw3642/lang-seg/data/__init__.py", line 9, in <module>
    import encoding.datasets as enc_ds
  File "/gpfsnyu/home/yw3642/.conda/envs/lseg/lib/python3.9/site-packages/encoding/__init__.py", line 13, in <module>
    from . import nn, functions, parallel, utils, models, datasets, transforms
  File "/gpfsnyu/home/yw3642/.conda/envs/lseg/lib/python3.9/site-packages/encoding/nn/__init__.py", line 12, in <module>
    from .encoding import *
  File "/gpfsnyu/home/yw3642/.conda/envs/lseg/lib/python3.9/site-packages/encoding/nn/encoding.py", line 18, in <module>
    from ..functions import scaled_l2, aggregate, pairwise_cosine
  File "/gpfsnyu/home/yw3642/.conda/envs/lseg/lib/python3.9/site-packages/encoding/functions/__init__.py", line 2, in <module>
    from .encoding import *
  File "/gpfsnyu/home/yw3642/.conda/envs/lseg/lib/python3.9/site-packages/encoding/functions/encoding.py", line 17, in <module>
    from encoding import gpu
ImportError: cannot import name 'gpu' from partially initialized module 'encoding' (most likely due to a circular import) (/gpfsnyu/home/yw3642/.conda/envs/lseg/lib/python3.9/site-packages/encoding/__init__.py)
