DeprecationWarning: 'source deactivate' is deprecated. Use 'conda deactivate'.
/gpfsnyu/home/yw3642/.conda/envs/lseg/lib/python3.9/site-packages/pytorch_lightning/utilities/distributed.py:69: UserWarning: ModelCheckpoint(save_last=True, save_top_k=None, monitor=None) is a redundant configuration. You can save the last checkpoint with ModelCheckpoint(save_top_k=None, monitor=None).
  warnings.warn(*args, **kwargs)
/gpfsnyu/home/yw3642/.conda/envs/lseg/lib/python3.9/site-packages/pytorch_lightning/utilities/distributed.py:69: UserWarning: Checkpoint directory checkpoints/lseg_ade20k_l16/version_0/checkpoints/ exists and is not empty.
  warnings.warn(*args, **kwargs)
GPU available: True, used: True
TPU available: False, using: 0 TPU cores
Multi-processing is handled by Slurm.
initializing ddp: GLOBAL_RANK: 0, MEMBER: 1/1
LOCAL_RANK: 0 - CUDA_VISIBLE_DEVICES: [0]
wandb: WARNING `resume` will be ignored since W&B syncing is set to `offline`. Starting a new run with run id 18v8tdde.
wandb: Tracking run with wandb version 0.12.11
wandb: W&B syncing is set to `offline` in this directory.  
wandb: Run `wandb online` or set WANDB_MODE=online to enable cloud syncing.
Set SLURM handle signals.

  | Name           | Type               | Params
------------------------------------------------------
0 | train_accuracy | Accuracy           | 0     
1 | val_accuracy   | Accuracy           | 0     
2 | net            | LSegNet            | 495 M 
3 | criterion      | SegmentationLosses | 0     
------------------------------------------------------
495 M     Trainable params
0         Non-trainable params
495 M     Total params
1,980.546 Total estimated model params size (MB)
Restored states from the checkpoint file at ./checkpoints/lseg_ade20k_l16/version_0/checkpoints//last.ckpt
/gpfsnyu/home/yw3642/.conda/envs/lseg/lib/python3.9/site-packages/torch/utils/data/dataloader.py:478: UserWarning: This DataLoader will create 16 worker processes in total. Our suggested max number of worker in current system is 8, which is smaller than what this DataLoader is going to create. Please be aware that excessive worker creation might get DataLoader running slow or even freeze, lower the worker number to avoid potential slowness/freeze if necessary.
  warnings.warn(_create_warning_msg(
/gpfsnyu/home/yw3642/.conda/envs/lseg/lib/python3.9/site-packages/torch/nn/functional.py:3631: UserWarning: Default upsampling behavior when mode=bilinear is changed to align_corners=False since 0.4.0. Please specify align_corners=True if the old behavior is desired. See the documentation of nn.Upsample for details.
  warnings.warn(
/gpfsnyu/home/yw3642/.conda/envs/lseg/lib/python3.9/site-packages/torch/nn/functional.py:3631: UserWarning: Default upsampling behavior when mode=bilinear is changed to align_corners=False since 0.4.0. Please specify align_corners=True if the old behavior is desired. See the documentation of nn.Upsample for details.
  warnings.warn(
/gpfsnyu/home/yw3642/.conda/envs/lseg/lib/python3.9/site-packages/torch/nn/functional.py:3631: UserWarning: Default upsampling behavior when mode=bilinear is changed to align_corners=False since 0.4.0. Please specify align_corners=True if the old behavior is desired. See the documentation of nn.Upsample for details.
  warnings.warn(
/gpfsnyu/home/yw3642/.conda/envs/lseg/lib/python3.9/site-packages/torch/nn/functional.py:3631: UserWarning: Default upsampling behavior when mode=bilinear is changed to align_corners=False since 0.4.0. Please specify align_corners=True if the old behavior is desired. See the documentation of nn.Upsample for details.
  warnings.warn(
/gpfsnyu/home/yw3642/.conda/envs/lseg/lib/python3.9/site-packages/torch/nn/functional.py:3631: UserWarning: Default upsampling behavior when mode=bilinear is changed to align_corners=False since 0.4.0. Please specify align_corners=True if the old behavior is desired. See the documentation of nn.Upsample for details.
  warnings.warn(
/gpfsnyu/home/yw3642/.conda/envs/lseg/lib/python3.9/site-packages/torch/nn/functional.py:3631: UserWarning: Default upsampling behavior when mode=bilinear is changed to align_corners=False since 0.4.0. Please specify align_corners=True if the old behavior is desired. See the documentation of nn.Upsample for details.
  warnings.warn(
slurmstepd: error: *** JOB 19725479 ON agpu8 CANCELLED AT 2022-03-17T22:47:08 ***
